Determining if the pthread_create exist failed with the following output:
Change Dir: /home/rafael/dev/sir/BrainInterfaceFinal/ros_ws/build/CMakeFiles/CMakeTmp

Run Build Command:"/usr/bin/make" "cmTC_fab25/fast"
/usr/bin/make -f CMakeFiles/cmTC_fab25.dir/build.make CMakeFiles/cmTC_fab25.dir/build
make[1]: Entering directory '/home/rafael/dev/sir/BrainInterfaceFinal/ros_ws/build/CMakeFiles/CMakeTmp'
Building C object CMakeFiles/cmTC_fab25.dir/CheckSymbolExists.c.o
/usr/bin/cc     -o CMakeFiles/cmTC_fab25.dir/CheckSymbolExists.c.o   -c /home/rafael/dev/sir/BrainInterfaceFinal/ros_ws/build/CMakeFiles/CMakeTmp/CheckSymbolExists.c
Linking C executable cmTC_fab25
/usr/bin/cmake -E cmake_link_script CMakeFiles/cmTC_fab25.dir/link.txt --verbose=1
/usr/bin/cc       CMakeFiles/cmTC_fab25.dir/CheckSymbolExists.c.o  -o cmTC_fab25 -rdynamic 
CMakeFiles/cmTC_fab25.dir/CheckSymbolExists.c.o: In function `main':
CheckSymbolExists.c:(.text+0x16): undefined reference to `pthread_create'
collect2: error: ld returned 1 exit status
CMakeFiles/cmTC_fab25.dir/build.make:97: recipe for target 'cmTC_fab25' failed
make[1]: *** [cmTC_fab25] Error 1
make[1]: Leaving directory '/home/rafael/dev/sir/BrainInterfaceFinal/ros_ws/build/CMakeFiles/CMakeTmp'
Makefile:126: recipe for target 'cmTC_fab25/fast' failed
make: *** [cmTC_fab25/fast] Error 2

File /home/rafael/dev/sir/BrainInterfaceFinal/ros_ws/build/CMakeFiles/CMakeTmp/CheckSymbolExists.c:
/* */
#include <pthread.h>

int main(int argc, char** argv)
{
  (void)argv;
#ifndef pthread_create
  return ((int*)(&pthread_create))[argc];
#else
  (void)argc;
  return 0;
#endif
}

Determining if the function pthread_create exists in the pthreads failed with the following output:
Change Dir: /home/rafael/dev/sir/BrainInterfaceFinal/ros_ws/build/CMakeFiles/CMakeTmp

Run Build Command:"/usr/bin/make" "cmTC_bc4bb/fast"
/usr/bin/make -f CMakeFiles/cmTC_bc4bb.dir/build.make CMakeFiles/cmTC_bc4bb.dir/build
make[1]: Entering directory '/home/rafael/dev/sir/BrainInterfaceFinal/ros_ws/build/CMakeFiles/CMakeTmp'
Building C object CMakeFiles/cmTC_bc4bb.dir/CheckFunctionExists.c.o
/usr/bin/cc    -DCHECK_FUNCTION_EXISTS=pthread_create   -o CMakeFiles/cmTC_bc4bb.dir/CheckFunctionExists.c.o   -c /usr/share/cmake-3.5/Modules/CheckFunctionExists.c
Linking C executable cmTC_bc4bb
/usr/bin/cmake -E cmake_link_script CMakeFiles/cmTC_bc4bb.dir/link.txt --verbose=1
/usr/bin/cc   -DCHECK_FUNCTION_EXISTS=pthread_create    CMakeFiles/cmTC_bc4bb.dir/CheckFunctionExists.c.o  -o cmTC_bc4bb -rdynamic -lpthreads 
/usr/bin/ld: cannot find -lpthreads
collect2: error: ld returned 1 exit status
CMakeFiles/cmTC_bc4bb.dir/build.make:97: recipe for target 'cmTC_bc4bb' failed
make[1]: *** [cmTC_bc4bb] Error 1
make[1]: Leaving directory '/home/rafael/dev/sir/BrainInterfaceFinal/ros_ws/build/CMakeFiles/CMakeTmp'
Makefile:126: recipe for target 'cmTC_bc4bb/fast' failed
make: *** [cmTC_bc4bb/fast] Error 2


